{"ref":"reni","products_list":[{"Product":"Anion - Over night","Quantity":"4","Cost":"20"}],"subscription_plan":"2","user_details":{"name":"Manobala Selvaraj","f_name":"Manobala","l_name":"S","email":"manobala.s@hotmail.com","mobile":"8883829940","dob":"03-03-2016","password":"$2y$10$\/LpBNBCTtPQmKXJHCaUu4e8M0cORjSBGJLj\/sK471Y4IQ2EBdhK.W","user_id":"1"},"address_details":{"shipping_add1":"A1","shipping_add2":"A2","shipping_city":"DD","shipping_state":"S","shipping_pin_code":"1234"},"total_pads":4,"amount":1920,"order_id":"SANION_1542023058","tran_id_for_payment":"WAGGL1542023062"}
{"tran_id":"WAGGL1542023062","amount":"192000","Tran_status":"F","hash_value":"35yUpvdWErLq43V+FYlkAGK6V84=","reserve1":"","reserve2":"","reserve3":""}
s
{"ref":"reni","products_list":[{"Product":"Anion - Regular","Quantity":"3","Cost":"10"},{"Product":"Anion - Extra Large","Quantity":"1","Cost":"15"},{"Product":"Anion - Over night","Quantity":"1","Cost":"20"},{"Product":"Anion - Panty liner","Quantity":"1","Cost":"3"}],"subscription_plan":"2","user_details":{"name":"Sembian Samuel","f_name":"Sembian","l_name":"Samuel","email":"sembiansamuel@gmail.com","mobile":"9894282825","dob":"21-04-1990","password":"$2y$10$V2x8G2aWy.opNmzcC5zmnOjk5VcBm.1hkFBhMcu12GhNlp8cibRsa","user_id":2},"address_details":{"shipping_add1":"14 Ramdass Street ","shipping_add2":"Sivanandha Colony ","shipping_city":"Coimbatore","shipping_state":"TN ","shipping_pin_code":"641028"},"total_pads":6,"amount":1632,"order_id":"SANION_1542024534","tran_id_for_payment":"WAGGL1542024538"}
{"tran_id":"WAGGL1542024538","amount":"163200","Tran_status":"F","hash_value":"u4\/2jZwAggTvrY\/7eUCnfTB+iSI=","reserve1":"","reserve2":"","reserve3":""}
s
{"ref":"reni","products_list":[{"Product":"Anion - Regular","Quantity":"2","Cost":"10"},{"Product":"Anion - Extra Large","Quantity":"2","Cost":"15"},{"Product":"Anion - Over night","Quantity":"2","Cost":"20"}],"subscription_plan":"3","user_details":{"name":"Vishnu  priyan R ","f_name":"Vishnu ","l_name":"priyan R ","email":"vishnu.smack@gmail.com","mobile":"9791927900","dob":"08-05-1993","password":"$2y$10$zKYEJoo2pDLLSipndyqPWeMs8X9kyUSKl6oL4kUX8k9Rp.D57OdDu","user_id":3},"address_details":{"shipping_add1":"23","shipping_add2":"Balu Lodging ","shipping_city":"Coimbatore ","shipping_state":"Tamilnadu","shipping_pin_code":"641001"},"total_pads":6,"amount":3078,"order_id":"SANION_1542024774","referral":{"code":"KU63MWK6UT","order_id":"SANION_1542024534","subscription_plan":"2","used_1":null,"used_2":null,"used_3":null,"used_4":null,"used_5":null,"count":"2"},"tran_id_for_payment":"WAGGL1542024778"}
{"tran_id":"WAGGL1542024778","amount":"307800","Tran_status":"F","hash_value":"HN4dVw5TOU7LtvsR3hGRAjIsggI=","reserve1":"","reserve2":"","reserve3":""}
s
{"tran_id":"WAGGL1542024778","amount":"307800","Tran_status":"F","hash_value":"HN4dVw5TOU7LtvsR3hGRAjIsggI=","reserve1":"","reserve2":"","reserve3":""}
s
{"ref":"","products_list":[{"Product":"Anion - Regular","Quantity":"1","Cost":"10"},{"Product":"Anion - Extra Large","Quantity":"1","Cost":"15"},{"Product":"Anion - Over night","Quantity":"1","Cost":"20"},{"Product":"Anion - Panty liner","Quantity":"1","Cost":"3"}],"subscription_plan":"0","user_details":{"name":"Al Nassar","f_name":"Al","l_name":"Nassar","email":"hgvsfdh@gmail.com","mobile":"9791927900","dob":"03-02-1992","password":"$2y$10$Yz0I7vbBOvf\/TkQIhaQfa.xJbMxrBMUtLZLwCqPvdkLpQFiW3gOMi","user_id":4},"address_details":{"shipping_add1":"12, shanmuga street","shipping_add2":"kk pudur","shipping_city":"coimbatore","shipping_state":"tamilnadu","shipping_pin_code":"641003"},"total_pads":4,"amount":48,"order_id":"SANION_1542025634","tran_id_for_payment":"WAGGL1542025638"}
{"ref":"","products_list":[{"Product":"Anion - Regular","Quantity":"1","Cost":"10"},{"Product":"Anion - Extra Large","Quantity":"1","Cost":"15"},{"Product":"Anion - Over night","Quantity":"1","Cost":"20"},{"Product":"Anion - Panty liner","Quantity":"1","Cost":"3"}],"subscription_plan":"0","user_details":{"name":"vishnu priyan R","f_name":"Vishnu ","l_name":"priyan R ","email":"vishnu.smack@gmail.com","mobile":"9791927900","dob":"08-05-1993","password":"$2y$10$pEBUBHjSUdtwYfIWFeKlfuxFdJE6vKFuRMybXNSQlGErs3kOTYA2S","user_id":"3"},"address_details":{"shipping_add1":"23","shipping_add2":"Balu Lodging ","shipping_city":"Coimbatore ","shipping_state":"Tamilnadu","shipping_pin_code":"641001"},"total_pads":4,"amount":48,"order_id":"SANION_1542025965","tran_id_for_payment":"WAGGL1542025969"}
{"tran_id":"WAGGL1542025969","amount":"4800","Tran_status":"F","hash_value":"FwPHolmusAbeDNjm3wougit8tZ0=","reserve1":"","reserve2":"","reserve3":""}
s
{"ref":"","products_list":[{"Product":"Anion - Extra Large","Quantity":"3","Cost":"15"}],"subscription_plan":"0","user_details":{"name":"Manobala S","f_name":"Manobala","l_name":"S","email":"manobala.s@hotmail.com","mobile":"8883829940","dob":"03-03-2016","password":"$2y$10$JeQhE3IukOoG3J2xxcvire\/pcebsp9XZ5msUX\/1mhAz.W6xHlsgjS","user_id":1},"address_details":{"shipping_add1":"A1","shipping_add2":"A2","shipping_city":"D","shipping_state":"S","shipping_pin_code":"1234"},"total_pads":3,"amount":45,"order_id":"SANION_1542030408","tran_id_for_payment":"WAGGL1542030413"}
{"ref":"","products_list":[{"Product":"Anion - Extra Large","Quantity":"3","Cost":"15"}],"subscription_plan":"0","user_details":{"name":"Mano S","f_name":"Mano","l_name":"S","email":"manobala.s@hotmail.com","mobile":"8883829940","dob":"03-03-2016","password":"$2y$10$2EXLiuKaKtifwIMVxn8tyeGniKOmEv0dJBE.beXqbeoywSaQDQ1Fu","user_id":1},"address_details":{"shipping_add1":"A1","shipping_add2":"A2","shipping_city":"D","shipping_state":"S","shipping_pin_code":"1234"},"total_pads":3,"amount":45,"order_id":"SANION_1542030549","tran_id_for_payment":"WAGGL1542030554"}
{"tran_id":"WAGGL1542030554","amount":"4500","Tran_status":"F","hash_value":"0PomkG4UhZABskgT0ekl8wAwVCQ=","reserve1":"","reserve2":"","reserve3":""}
s
{"tran_id":"WAGGL1542030554","amount":"4500","Tran_status":"F","hash_value":"0PomkG4UhZABskgT0ekl8wAwVCQ=","reserve1":"","reserve2":"","reserve3":""}
s
{"ref":"reni","products_list":[{"Product":"Anion - Over night","Quantity":"3","Cost":"20"}],"subscription_plan":"2","user_details":{"name":"Manobala S","f_name":"Manobala","l_name":"S","email":"manobala.s@hotmail.com","mobile":"8883829940","dob":"03-03-2016","password":"$2y$10$KyXkvnzfGnbBBdi7LW0hRuX3nPZvVXq2WoKnn1efMmkJwg9s7.wyy","user_id":1},"address_details":{"shipping_add1":"A1","shipping_add2":"A2","shipping_city":"D","shipping_state":"S","shipping_pin_code":"1234"},"total_pads":3,"amount":1440,"order_id":"SANION_1542031324","tran_id_for_payment":"WAGGL1542031327"}
{"tran_id":"WAGGL1542031327","amount":"144000","Tran_status":"F","hash_value":"kPNao74cg2xd2Ip0HU\/zeFLjGVA=","reserve1":"","reserve2":"","reserve3":""}
s
{"tran_id":"WAGGL1542031327","amount":"144000","Tran_status":"F","hash_value":"kPNao74cg2xd2Ip0HU\/zeFLjGVA=","reserve1":"","reserve2":"","reserve3":""}
s
{"tran_id":"WAGGL1542031327","amount":"144000","Tran_status":"F","hash_value":"kPNao74cg2xd2Ip0HU\/zeFLjGVA=","reserve1":"","reserve2":"","reserve3":""}
s
{"tran_id":"WAGGL1542031327","amount":"144000","Tran_status":"F","hash_value":"kPNao74cg2xd2Ip0HU\/zeFLjGVA=","reserve1":"","reserve2":"","reserve3":""}
s
{"ref":"reni","products_list":[{"Product":"Anion - Regular","Quantity":"5","Cost":"10"}],"subscription_plan":"2","user_details":{"name":"Bala Krish","f_name":"Bala","l_name":"Krish","email":"everraisingmano@gmail.com","mobile":"6360195748","dob":"03-03-2016","password":"$2y$10$t18brWxu6oMv1skKE.6Hr.8Uln.6.tf0bMVeKP2T1yr4782ZDiObS","user_id":2},"address_details":{"shipping_add1":"AA1","shipping_add2":"AA2","shipping_city":"DD","shipping_state":"SS","shipping_pin_code":"123456789"},"total_pads":5,"amount":1140,"order_id":"SANION_1542031660","referral":{"code":"QJJJH0DFLK","order_id":"SANION_1542031324","subscription_plan":"2","used_1":null,"used_2":null,"used_3":null,"used_4":null,"used_5":null,"count":"2"},"tran_id_for_payment":"WAGGL1542031664"}
{"tran_id":"WAGGL1542031664","amount":"114000","Tran_status":"F","hash_value":"ipf5qEaV9pQJe1sHLtn8aozqv1o=","reserve1":"","reserve2":"","reserve3":""}
s
{"tran_id":"WAGGL1542031664","amount":"114000","Tran_status":"F","hash_value":"ipf5qEaV9pQJe1sHLtn8aozqv1o=","reserve1":"","reserve2":"","reserve3":""}
s
{"tran_id":"WAGGL1542031664","amount":"114000","Tran_status":"F","hash_value":"ipf5qEaV9pQJe1sHLtn8aozqv1o=","reserve1":"","reserve2":"","reserve3":""}
s
