{"products_list":[{"Product":"Anion - Extra Large","Quantity":"1","Cost":"1"}],"subscription_plan":"3","user_details":{"name":"Sembian Samuel","f_name":"Sembian","l_name":"Samuel","email":"sembiansamuel@gmail.com","mobile":"9791927900","dob":"13-10-1988","user_id":"8"},"address_details":{"shipping_add1":"67","shipping_add2":"Saravanampatty ","shipping_city":"Coimbatore","shipping_state":"TN ","shipping_pin_code":"654123"},"total_pads":1,"amount":34.2,"order_id":"SANION_1539787562","referral":{"code":"WAGGL1539783333","order_id":"SANION_1539783330","subscription_plan":"2","used_1":null,"used_2":null,"used_3":null,"used_4":null,"used_5":null,"count":"2"},"tran_id_for_payment":"WAGGL1539787565"}
{"products_list":[{"Product":"Anion - Over night","Quantity":"2","Cost":"1"}],"subscription_plan":"3","user_details":{"name":"Vishnu Priya","f_name":"Vishnu","l_name":"Priya","email":"sembiansamuel@gmail.com","mobile":"9791927900","dob":"12-06-1974","user_id":"8"},"address_details":{"shipping_add1":"67","shipping_add2":"Saravanampatty ","shipping_city":"Coimbatore","shipping_state":"TN ","shipping_pin_code":"654123"},"total_pads":2,"amount":68.4,"order_id":"SANION_1539787916","referral":{"code":"WAGGL1539783333","order_id":"SANION_1539783330","subscription_plan":"2","used_1":null,"used_2":null,"used_3":null,"used_4":null,"used_5":null,"count":"2"},"tran_id_for_payment":"WAGGL1539787919"}
{"tran_id":"WAGGL1539787919","amount":"6840","Tran_status":"S","hash_value":"1NVizSzAix\/JJVoVmkADGAtoMdo=","reserve1":"","reserve2":"","reserve3":""}
{"tran_id":"WAGGL1539787919","amount":"6840","Tran_status":"S","hash_value":"1NVizSzAix\/JJVoVmkADGAtoMdo=","reserve1":"","reserve2":"","reserve3":""}
{"tran_id":"WAGGL1539787919","amount":"6840","Tran_status":"S","hash_value":"1NVizSzAix\/JJVoVmkADGAtoMdo=","reserve1":"","reserve2":"","reserve3":""}
{"products_list":[{"Product":"Anion - Over night","Quantity":"2","Cost":"1"}],"subscription_plan":"3","user_details":{"name":"Vishnu Priya","f_name":"Vishnu","l_name":"Priya","email":"sembiansamuel@gmail.com","mobile":"9791927900","dob":"12-06-1974","user_id":"8"},"address_details":{"shipping_add1":"67","shipping_add2":"Saravanampatty ","shipping_city":"Coimbatore","shipping_state":"TN ","shipping_pin_code":"654123"},"total_pads":2,"amount":68.4,"order_id":"SANION_1539787916","referral":{"code":"WAGGL1539783333","order_id":"SANION_1539783330","subscription_plan":"2","used_1":null,"used_2":null,"used_3":null,"used_4":null,"used_5":null,"count":"2"},"tran_id_for_payment":"WAGGL1539787919"}
{"tran_id":"WAGGL1539787919","amount":"6840","Tran_status":"S","hash_value":"1NVizSzAix\/JJVoVmkADGAtoMdo=","reserve1":"","reserve2":"","reserve3":""}
{"tran_id":"WAGGL1539787919","amount":"6840","Tran_status":"S","hash_value":"1NVizSzAix\/JJVoVmkADGAtoMdo=","reserve1":"","reserve2":"","reserve3":""}
s
{"tran_id":"WAGGL1539787919","amount":"6840","Tran_status":"S","hash_value":"1NVizSzAix\/JJVoVmkADGAtoMdo=","reserve1":"","reserve2":"","reserve3":""}
s
{"tran_id":"WAGGL1539787919","amount":"6840","Tran_status":"S","hash_value":"1NVizSzAix\/JJVoVmkADGAtoMdo=","reserve1":"","reserve2":"","reserve3":""}
s
{"tran_id":"WAGGL1539787919","amount":"6840","Tran_status":"S","hash_value":"1NVizSzAix\/JJVoVmkADGAtoMdo=","reserve1":"","reserve2":"","reserve3":""}
s
{"products_list":[{"Product":"Anion - Extra Large","Quantity":"1","Cost":"1"}],"subscription_plan":"3","user_details":{"name":"Vimal Kumar","f_name":"Vimal","l_name":"Kumar","email":"sembiansamuel@gmail.com","mobile":"8015394593","dob":"07-02-1999","user_id":9},"address_details":{"shipping_add1":"87","shipping_add2":"Ramanathapuram","shipping_city":"Coimbatore","shipping_state":"TN","shipping_pin_code":"641987"},"total_pads":1,"amount":34.2,"order_id":"SANION_1539795117","referral":{"code":"WAGGL1539787919","order_id":"SANION_1539787916","subscription_plan":"5","used_1":null,"used_2":null,"used_3":null,"used_4":null,"used_5":null,"count":"5"},"tran_id_for_payment":"WAGGL1539795122"}
{"products_list":[{"Product":"Anion - Extra Large","Quantity":"1","Cost":"1"}],"subscription_plan":"3","user_details":{"name":"Vimal H","f_name":"Vimal","l_name":"H","email":"sembiansamuel@gmail.com","mobile":"8015394593","dob":"09-03-1994","user_id":"9"},"address_details":{"shipping_add1":"87","shipping_add2":"Ramanathapuram","shipping_city":"Coimbatore","shipping_state":"TN","shipping_pin_code":"641987"},"total_pads":1,"amount":34.2,"order_id":"SANION_1539795267","referral":{"code":"WAGGL1539787919","order_id":"SANION_1539787916","subscription_plan":"5","used_1":null,"used_2":null,"used_3":null,"used_4":null,"used_5":null,"count":"5"},"tran_id_for_payment":"WAGGL1539795270"}
{"tran_id":"WAGGL1539795270","amount":"3420","Tran_status":"F","hash_value":"Z3Z5b2wfKTLIR6Z0Jj4BY2faOEk=","reserve1":"","reserve2":"","reserve3":""}
{"products_list":[{"Product":"Anion - Extra Large","Quantity":"1","Cost":"1"}],"subscription_plan":"3","user_details":{"name":"Vimal  Kanan","f_name":"Vimal ","l_name":"Kanan","email":"sembiansamuel@gmail.com","mobile":"8015394593","dob":"06-06-2007","user_id":"9"},"address_details":{"shipping_add1":"87","shipping_add2":"Ramanathapuram","shipping_city":"Coimbatore","shipping_state":"TN","shipping_pin_code":"641987"},"total_pads":1,"amount":34.2,"order_id":"SANION_1539795806","referral":{"code":"WAGGL1539787919","order_id":"SANION_1539787916","subscription_plan":"5","used_1":null,"used_2":null,"used_3":null,"used_4":null,"used_5":null,"count":"5"},"tran_id_for_payment":"WAGGL1539795809"}
{"tran_id":"WAGGL1539795809","amount":"3420","Tran_status":"S","hash_value":"IMa4Q2fn3qFxKb+fObySOwUucC8=","reserve1":"","reserve2":"","reserve3":""}
s
